<?xml version="1.0" encoding="UTF-8"?>
<!-- Generated by org.testng.reporters.JUnitXMLReporter -->
<testsuite ignored="0" hostname="ARAVA-DEV-L" failures="0" tests="3" name="Surefire test" time="0.038" errors="0" timestamp="2025-01-09T14:19:23 IST">
  <testcase classname="testCases.BaseClass" name="@BeforeClass Setup" time="-1.736412563099E9">
    <failure type="org.testng.TestNGException" message="
Parameter &amp;apos;browser&amp;apos; is required by BeforeClass on method Setup but has not been marked @Optional or defined
">
      <![CDATA[org.testng.TestNGException: 
Parameter 'browser' is required by BeforeClass on method Setup but has not been marked @Optional or defined

at java.base/java.util.ArrayList.forEach(ArrayList.java:1511)
... Removed 27 stack frames]]>
    </failure>
  </testcase> <!-- @BeforeClass Setup -->
  <testcase classname="testCases.BaseClass" name="@AfterClass tearDown" time="-1.736412563119E9">
    <skipped/>
  </testcase> <!-- @AfterClass tearDown -->
  <testcase classname="testCases.BaseClass" name="@BeforeClass Setup" time="-1.736412563121E9">
    <failure type="org.testng.TestNGException" message="
Parameter &amp;apos;browser&amp;apos; is required by BeforeClass on method Setup but has not been marked @Optional or defined
">
      <![CDATA[org.testng.TestNGException: 
Parameter 'browser' is required by BeforeClass on method Setup but has not been marked @Optional or defined

at java.base/java.util.ArrayList.forEach(ArrayList.java:1511)
... Removed 27 stack frames]]>
    </failure>
  </testcase> <!-- @BeforeClass Setup -->
  <testcase classname="testCases.BaseClass" name="@AfterClass tearDown" time="-1.736412563123E9">
    <skipped/>
  </testcase> <!-- @AfterClass tearDown -->
  <testcase classname="testCases.AddUserTest" name="AdduserDetails" time="0.0">
    <skipped/>
  </testcase> <!-- AdduserDetails -->
  <testcase classname="testCases.LeaveTest" name="Test003LeaveComment" time="0.0">
    <skipped/>
  </testcase> <!-- Test003LeaveComment -->
  <testcase classname="testCases.LeaveTest" name="Test004ViewLeaveDetails" time="0.0">
    <skipped/>
  </testcase> <!-- Test004ViewLeaveDetails -->
</testsuite> <!-- Surefire test -->
